# JRE version: OpenJDK Runtime Environment (11.0.6+10) (build 11.0.6+10)
# Java VM: OpenJDK 64-Bit Server VM (11.0.6+10, mixed mode, tiered, compressed oops, g1 gc, windows-amd64)
Heap:
 garbage-first heap   total 278528K, used 175341K [0x00000000c0000000, 0x0000000100000000)
  region size 1024K, 90 young (92160K), 2 survivors (2048K)
 Metaspace       used 77945K, capacity 81080K, committed 81456K, reserved 1122304K
  class space    used 7094K, capacity 8252K, committed 8320K, reserved 1048576K
GC Heap History (20 events):
Event: 2983.595 GC heap before
{Heap before GC invocations=250 (full 0):
 garbage-first heap   total 278528K, used 240013K [0x00000000c0000000, 0x0000000100000000)
  region size 1024K, 150 young (153600K), 2 survivors (2048K)
 Metaspace       used 77702K, capacity 80818K, committed 81200K, reserved 1122304K
  class space    used 7093K, capacity 8252K, committed 8320K, reserved 1048576K
}
Event: 2983.599 GC heap after
{Heap after GC invocations=251 (full 0):
 garbage-first heap   total 278528K, used 90095K [0x00000000c0000000, 0x0000000100000000)
  region size 1024K, 3 young (3072K), 3 survivors (3072K)
 Metaspace       used 77702K, capacity 80818K, committed 81200K, reserved 1122304K
  class space    used 7093K, capacity 8252K, committed 8320K, reserved 1048576K
}
Event: 2991.410 GC heap before
{Heap before GC invocations=252 (full 0):
 garbage-first heap   total 278528K, used 241647K [0x00000000c0000000, 0x0000000100000000)
  region size 1024K, 151 young (154624K), 3 survivors (3072K)
 Metaspace       used 77711K, capacity 80820K, committed 81200K, reserved 1122304K
  class space    used 7093K, capacity 8252K, committed 8320K, reserved 1048576K
}
Event: 2991.413 GC heap after
{Heap after GC invocations=253 (full 0):
 garbage-first heap   total 278528K, used 89486K [0x00000000c0000000, 0x0000000100000000)
  region size 1024K, 2 young (2048K), 2 survivors (2048K)
 Metaspace       used 77711K, capacity 80820K, committed 81200K, reserved 1122304K
  class space    used 7093K, capacity 8252K, committed 8320K, reserved 1048576K
}
Event: 2991.701 GC heap before
{Heap before GC invocations=253 (full 0):
 garbage-first heap   total 278528K, used 100750K [0x00000000c0000000, 0x0000000100000000)
  region size 1024K, 13 young (13312K), 2 survivors (2048K)
 Metaspace       used 77711K, capacity 80820K, committed 81200K, reserved 1122304K
  class space    used 7093K, capacity 8252K, committed 8320K, reserved 1048576K
}
Event: 2991.705 GC heap after
{Heap after GC invocations=254 (full 0):
 garbage-first heap   total 278528K, used 89058K [0x00000000c0000000, 0x0000000100000000)
  region size 1024K, 2 young (2048K), 2 survivors (2048K)
 Metaspace       used 77711K, capacity 80820K, committed 81200K, reserved 1122304K
  class space    used 7093K, capacity 8252K, committed 8320K, reserved 1048576K
}
Event: 3013.721 GC heap before
{Heap before GC invocations=254 (full 0):
 garbage-first heap   total 278528K, used 240610K [0x00000000c0000000, 0x0000000100000000)
  region size 1024K, 151 young (154624K), 2 survivors (2048K)
 Metaspace       used 77722K, capacity 80820K, committed 81200K, reserved 1122304K
  class space    used 7093K, capacity 8252K, committed 8320K, reserved 1048576K
}
Event: 3013.724 GC heap after
{Heap after GC invocations=255 (full 0):
 garbage-first heap   total 278528K, used 88613K [0x00000000c0000000, 0x0000000100000000)
  region size 1024K, 2 young (2048K), 2 survivors (2048K)
 Metaspace       used 77722K, capacity 80820K, committed 81200K, reserved 1122304K
  class space    used 7093K, capacity 8252K, committed 8320K, reserved 1048576K
}
Event: 3047.273 GC heap before
{Heap before GC invocations=256 (full 0):
 garbage-first heap   total 278528K, used 240165K [0x00000000c0000000, 0x0000000100000000)
  region size 1024K, 151 young (154624K), 2 survivors (2048K)
 Metaspace       used 77731K, capacity 80822K, committed 81200K, reserved 1122304K
  class space    used 7093K, capacity 8252K, committed 8320K, reserved 1048576K
}
Event: 3047.276 GC heap after
{Heap after GC invocations=257 (full 0):
 garbage-first heap   total 278528K, used 88972K [0x00000000c0000000, 0x0000000100000000)
  region size 1024K, 2 young (2048K), 2 survivors (2048K)
 Metaspace       used 77731K, capacity 80822K, committed 81200K, reserved 1122304K
  class space    used 7093K, capacity 8252K, committed 8320K, reserved 1048576K
}
Event: 3047.567 GC heap before
{Heap before GC invocations=257 (full 0):
 garbage-first heap   total 278528K, used 100236K [0x00000000c0000000, 0x0000000100000000)
  region size 1024K, 13 young (13312K), 2 survivors (2048K)
 Metaspace       used 77731K, capacity 80822K, committed 81200K, reserved 1122304K
  class space    used 7093K, capacity 8252K, committed 8320K, reserved 1048576K
}
Event: 3047.570 GC heap after
{Heap after GC invocations=258 (full 0):
 garbage-first heap   total 278528K, used 87068K [0x00000000c0000000, 0x0000000100000000)
  region size 1024K, 2 young (2048K), 2 survivors (2048K)
 Metaspace       used 77731K, capacity 80822K, committed 81200K, reserved 1122304K
  class space    used 7093K, capacity 8252K, committed 8320K, reserved 1048576K
}
Event: 3058.910 GC heap before
{Heap before GC invocations=258 (full 0):
 garbage-first heap   total 278528K, used 240668K [0x00000000c0000000, 0x0000000100000000)
  region size 1024K, 153 young (156672K), 2 survivors (2048K)
 Metaspace       used 77770K, capacity 80887K, committed 81200K, reserved 1122304K
  class space    used 7093K, capacity 8252K, committed 8320K, reserved 1048576K
}
Event: 3058.913 GC heap after
{Heap after GC invocations=259 (full 0):
 garbage-first heap   total 278528K, used 87052K [0x00000000c0000000, 0x0000000100000000)
  region size 1024K, 2 young (2048K), 2 survivors (2048K)
 Metaspace       used 77770K, capacity 80887K, committed 81200K, reserved 1122304K
  class space    used 7093K, capacity 8252K, committed 8320K, reserved 1048576K
}
Event: 3083.038 GC heap before
{Heap before GC invocations=260 (full 0):
 garbage-first heap   total 278528K, used 242700K [0x00000000c0000000, 0x0000000100000000)
  region size 1024K, 154 young (157696K), 2 survivors (2048K)
 Metaspace       used 77823K, capacity 81079K, committed 81456K, reserved 1122304K
  class space    used 7093K, capacity 8252K, committed 8320K, reserved 1048576K
}
Event: 3083.041 GC heap after
{Heap after GC invocations=261 (full 0):
 garbage-first heap   total 278528K, used 86803K [0x00000000c0000000, 0x0000000100000000)
  region size 1024K, 1 young (1024K), 1 survivors (1024K)
 Metaspace       used 77823K, capacity 81079K, committed 81456K, reserved 1122304K
  class space    used 7093K, capacity 8252K, committed 8320K, reserved 1048576K
}
Event: 3099.244 GC heap before
{Heap before GC invocations=261 (full 0):
 garbage-first heap   total 278528K, used 243475K [0x00000000c0000000, 0x0000000100000000)
  region size 1024K, 155 young (158720K), 1 survivors (1024K)
 Metaspace       used 77885K, capacity 81079K, committed 81456K, reserved 1122304K
  class space    used 7094K, capacity 8252K, committed 8320K, reserved 1048576K
}
Event: 3099.249 GC heap after
{Heap after GC invocations=262 (full 0):
 garbage-first heap   total 278528K, used 87641K [0x00000000c0000000, 0x0000000100000000)
  region size 1024K, 2 young (2048K), 2 survivors (2048K)
 Metaspace       used 77885K, capacity 81079K, committed 81456K, reserved 1122304K
  class space    used 7094K, capacity 8252K, committed 8320K, reserved 1048576K
}
Event: 3122.931 GC heap before
{Heap before GC invocations=263 (full 0):
 garbage-first heap   total 278528K, used 243289K [0x00000000c0000000, 0x0000000100000000)
  region size 1024K, 154 young (157696K), 2 survivors (2048K)
 Metaspace       used 77933K, capacity 81079K, committed 81456K, reserved 1122304K
  class space    used 7094K, capacity 8252K, committed 8320K, reserved 1048576K
}
Event: 3122.934 GC heap after
{Heap after GC invocations=264 (full 0):
 garbage-first heap   total 278528K, used 87277K [0x00000000c0000000, 0x0000000100000000)
  region size 1024K, 2 young (2048K), 2 survivors (2048K)
 Metaspace       used 77933K, capacity 81079K, committed 81456K, reserved 1122304K
  class space    used 7094K, capacity 8252K, committed 8320K, reserved 1048576K
}

